[2024-03-24 02:50:10] local.ERROR: include(/home/user/Downloads/advocategosaas-21nulled/codecanyon-46105956-advocatego-saas-legal-practice-management/main-file/vendor/composer/../../Modules/LandingPage/database/seeders/LandingPageDatabaseSeeder.php): Failed to open stream: No such file or directory {"exception":"[object] (ErrorException(code: 0): include(/home/user/Downloads/advocategosaas-21nulled/codecanyon-46105956-advocatego-saas-legal-practice-management/main-file/vendor/composer/../../Modules/LandingPage/database/seeders/LandingPageDatabaseSeeder.php): Failed to open stream: No such file or directory at /home/user/Downloads/advocategosaas-21nulled/codecanyon-46105956-advocatego-saas-legal-practice-management/main-file/vendor/composer/ClassLoader.php:576)
[stacktrace]
#0 /home/user/Downloads/advocategosaas-21nulled/codecanyon-46105956-advocatego-saas-legal-practice-management/main-file/vendor/laravel/framework/src/Illuminate/Foundation/Bootstrap/HandleExceptions.php(254): Illuminate\\Foundation\\Bootstrap\\HandleExceptions->handleError()
#1 /home/user/Downloads/advocategosaas-21nulled/codecanyon-46105956-advocatego-saas-legal-practice-management/main-file/vendor/composer/ClassLoader.php(576): Illuminate\\Foundation\\Bootstrap\\HandleExceptions->Illuminate\\Foundation\\Bootstrap\\{closure}()
#2 /home/user/Downloads/advocategosaas-21nulled/codecanyon-46105956-advocatego-saas-legal-practice-management/main-file/vendor/composer/ClassLoader.php(576): include('...')
#3 /home/user/Downloads/advocategosaas-21nulled/codecanyon-46105956-advocatego-saas-legal-practice-management/main-file/vendor/composer/ClassLoader.php(427): Composer\\Autoload\\{closure}()
#4 [internal function]: Composer\\Autoload\\ClassLoader->loadClass()
#5 /home/user/Downloads/advocategosaas-21nulled/codecanyon-46105956-advocatego-saas-legal-practice-management/main-file/vendor/nwidart/laravel-modules/src/Commands/SeedCommand.php(114): class_exists()
#6 /home/user/Downloads/advocategosaas-21nulled/codecanyon-46105956-advocatego-saas-legal-practice-management/main-file/vendor/nwidart/laravel-modules/src/Commands/SeedCommand.php(43): Nwidart\\Modules\\Commands\\SeedCommand->moduleSeed()
#7 /home/user/Downloads/advocategosaas-21nulled/codecanyon-46105956-advocatego-saas-legal-practice-management/main-file/vendor/laravel/framework/src/Illuminate/Container/BoundMethod.php(36): Nwidart\\Modules\\Commands\\SeedCommand->handle()
#8 /home/user/Downloads/advocategosaas-21nulled/codecanyon-46105956-advocatego-saas-legal-practice-management/main-file/vendor/laravel/framework/src/Illuminate/Container/Util.php(41): Illuminate\\Container\\BoundMethod::Illuminate\\Container\\{closure}()
#9 /home/user/Downloads/advocategosaas-21nulled/codecanyon-46105956-advocatego-saas-legal-practice-management/main-file/vendor/laravel/framework/src/Illuminate/Container/BoundMethod.php(93): Illuminate\\Container\\Util::unwrapIfClosure()
#10 /home/user/Downloads/advocategosaas-21nulled/codecanyon-46105956-advocatego-saas-legal-practice-management/main-file/vendor/laravel/framework/src/Illuminate/Container/BoundMethod.php(37): Illuminate\\Container\\BoundMethod::callBoundMethod()
#11 /home/user/Downloads/advocategosaas-21nulled/codecanyon-46105956-advocatego-saas-legal-practice-management/main-file/vendor/laravel/framework/src/Illuminate/Container/Container.php(662): Illuminate\\Container\\BoundMethod::call()
#12 /home/user/Downloads/advocategosaas-21nulled/codecanyon-46105956-advocatego-saas-legal-practice-management/main-file/vendor/laravel/framework/src/Illuminate/Console/Command.php(211): Illuminate\\Container\\Container->call()
#13 /home/user/Downloads/advocategosaas-21nulled/codecanyon-46105956-advocatego-saas-legal-practice-management/main-file/vendor/symfony/console/Command/Command.php(326): Illuminate\\Console\\Command->execute()
#14 /home/user/Downloads/advocategosaas-21nulled/codecanyon-46105956-advocatego-saas-legal-practice-management/main-file/vendor/laravel/framework/src/Illuminate/Console/Command.php(181): Symfony\\Component\\Console\\Command\\Command->run()
#15 /home/user/Downloads/advocategosaas-21nulled/codecanyon-46105956-advocatego-saas-legal-practice-management/main-file/vendor/symfony/console/Application.php(1081): Illuminate\\Console\\Command->run()
#16 /home/user/Downloads/advocategosaas-21nulled/codecanyon-46105956-advocatego-saas-legal-practice-management/main-file/vendor/symfony/console/Application.php(320): Symfony\\Component\\Console\\Application->doRunCommand()
#17 /home/user/Downloads/advocategosaas-21nulled/codecanyon-46105956-advocatego-saas-legal-practice-management/main-file/vendor/symfony/console/Application.php(174): Symfony\\Component\\Console\\Application->doRun()
#18 /home/user/Downloads/advocategosaas-21nulled/codecanyon-46105956-advocatego-saas-legal-practice-management/main-file/vendor/laravel/framework/src/Illuminate/Console/Application.php(163): Symfony\\Component\\Console\\Application->run()
#19 /home/user/Downloads/advocategosaas-21nulled/codecanyon-46105956-advocatego-saas-legal-practice-management/main-file/vendor/laravel/framework/src/Illuminate/Foundation/Console/Kernel.php(400): Illuminate\\Console\\Application->call()
#20 /home/user/Downloads/advocategosaas-21nulled/codecanyon-46105956-advocatego-saas-legal-practice-management/main-file/vendor/laravel/framework/src/Illuminate/Support/Facades/Facade.php(353): Illuminate\\Foundation\\Console\\Kernel->call()
#21 /home/user/Downloads/advocategosaas-21nulled/codecanyon-46105956-advocatego-saas-legal-practice-management/main-file/database/seeders/DatabaseSeeder.php(33): Illuminate\\Support\\Facades\\Facade::__callStatic()
#22 /home/user/Downloads/advocategosaas-21nulled/codecanyon-46105956-advocatego-saas-legal-practice-management/main-file/vendor/laravel/framework/src/Illuminate/Container/BoundMethod.php(36): Database\\Seeders\\DatabaseSeeder->run()
#23 /home/user/Downloads/advocategosaas-21nulled/codecanyon-46105956-advocatego-saas-legal-practice-management/main-file/vendor/laravel/framework/src/Illuminate/Container/Util.php(41): Illuminate\\Container\\BoundMethod::Illuminate\\Container\\{closure}()
#24 /home/user/Downloads/advocategosaas-21nulled/codecanyon-46105956-advocatego-saas-legal-practice-management/main-file/vendor/laravel/framework/src/Illuminate/Container/BoundMethod.php(93): Illuminate\\Container\\Util::unwrapIfClosure()
#25 /home/user/Downloads/advocategosaas-21nulled/codecanyon-46105956-advocatego-saas-legal-practice-management/main-file/vendor/laravel/framework/src/Illuminate/Container/BoundMethod.php(37): Illuminate\\Container\\BoundMethod::callBoundMethod()
#26 /home/user/Downloads/advocategosaas-21nulled/codecanyon-46105956-advocatego-saas-legal-practice-management/main-file/vendor/laravel/framework/src/Illuminate/Container/Container.php(662): Illuminate\\Container\\BoundMethod::call()
#27 /home/user/Downloads/advocategosaas-21nulled/codecanyon-46105956-advocatego-saas-legal-practice-management/main-file/vendor/laravel/framework/src/Illuminate/Database/Seeder.php(184): Illuminate\\Container\\Container->call()
#28 /home/user/Downloads/advocategosaas-21nulled/codecanyon-46105956-advocatego-saas-legal-practice-management/main-file/vendor/laravel/framework/src/Illuminate/Database/Seeder.php(193): Illuminate\\Database\\Seeder->Illuminate\\Database\\{closure}()
#29 /home/user/Downloads/advocategosaas-21nulled/codecanyon-46105956-advocatego-saas-legal-practice-management/main-file/vendor/laravel/framework/src/Illuminate/Database/Console/Seeds/SeedCommand.php(70): Illuminate\\Database\\Seeder->__invoke()
#30 /home/user/Downloads/advocategosaas-21nulled/codecanyon-46105956-advocatego-saas-legal-practice-management/main-file/vendor/laravel/framework/src/Illuminate/Database/Eloquent/Concerns/GuardsAttributes.php(155): Illuminate\\Database\\Console\\Seeds\\SeedCommand->Illuminate\\Database\\Console\\Seeds\\{closure}()
#31 /home/user/Downloads/advocategosaas-21nulled/codecanyon-46105956-advocatego-saas-legal-practice-management/main-file/vendor/laravel/framework/src/Illuminate/Database/Console/Seeds/SeedCommand.php(71): Illuminate\\Database\\Eloquent\\Model::unguarded()
#32 /home/user/Downloads/advocategosaas-21nulled/codecanyon-46105956-advocatego-saas-legal-practice-management/main-file/vendor/laravel/framework/src/Illuminate/Container/BoundMethod.php(36): Illuminate\\Database\\Console\\Seeds\\SeedCommand->handle()
#33 /home/user/Downloads/advocategosaas-21nulled/codecanyon-46105956-advocatego-saas-legal-practice-management/main-file/vendor/laravel/framework/src/Illuminate/Container/Util.php(41): Illuminate\\Container\\BoundMethod::Illuminate\\Container\\{closure}()
#34 /home/user/Downloads/advocategosaas-21nulled/codecanyon-46105956-advocatego-saas-legal-practice-management/main-file/vendor/laravel/framework/src/Illuminate/Container/BoundMethod.php(93): Illuminate\\Container\\Util::unwrapIfClosure()
#35 /home/user/Downloads/advocategosaas-21nulled/codecanyon-46105956-advocatego-saas-legal-practice-management/main-file/vendor/laravel/framework/src/Illuminate/Container/BoundMethod.php(37): Illuminate\\Container\\BoundMethod::callBoundMethod()
#36 /home/user/Downloads/advocategosaas-21nulled/codecanyon-46105956-advocatego-saas-legal-practice-management/main-file/vendor/laravel/framework/src/Illuminate/Container/Container.php(662): Illuminate\\Container\\BoundMethod::call()
#37 /home/user/Downloads/advocategosaas-21nulled/codecanyon-46105956-advocatego-saas-legal-practice-management/main-file/vendor/laravel/framework/src/Illuminate/Console/Command.php(211): Illuminate\\Container\\Container->call()
#38 /home/user/Downloads/advocategosaas-21nulled/codecanyon-46105956-advocatego-saas-legal-practice-management/main-file/vendor/symfony/console/Command/Command.php(326): Illuminate\\Console\\Command->execute()
#39 /home/user/Downloads/advocategosaas-21nulled/codecanyon-46105956-advocatego-saas-legal-practice-management/main-file/vendor/laravel/framework/src/Illuminate/Console/Command.php(181): Symfony\\Component\\Console\\Command\\Command->run()
#40 /home/user/Downloads/advocategosaas-21nulled/codecanyon-46105956-advocatego-saas-legal-practice-management/main-file/vendor/symfony/console/Application.php(1081): Illuminate\\Console\\Command->run()
#41 /home/user/Downloads/advocategosaas-21nulled/codecanyon-46105956-advocatego-saas-legal-practice-management/main-file/vendor/symfony/console/Application.php(320): Symfony\\Component\\Console\\Application->doRunCommand()
#42 /home/user/Downloads/advocategosaas-21nulled/codecanyon-46105956-advocatego-saas-legal-practice-management/main-file/vendor/symfony/console/Application.php(174): Symfony\\Component\\Console\\Application->doRun()
#43 /home/user/Downloads/advocategosaas-21nulled/codecanyon-46105956-advocatego-saas-legal-practice-management/main-file/vendor/laravel/framework/src/Illuminate/Console/Application.php(163): Symfony\\Component\\Console\\Application->run()
#44 /home/user/Downloads/advocategosaas-21nulled/codecanyon-46105956-advocatego-saas-legal-practice-management/main-file/vendor/laravel/framework/src/Illuminate/Foundation/Console/Kernel.php(400): Illuminate\\Console\\Application->call()
#45 /home/user/Downloads/advocategosaas-21nulled/codecanyon-46105956-advocatego-saas-legal-practice-management/main-file/vendor/laravel/framework/src/Illuminate/Support/Facades/Facade.php(353): Illuminate\\Foundation\\Console\\Kernel->call()
#46 /home/user/Downloads/advocategosaas-21nulled/codecanyon-46105956-advocatego-saas-legal-practice-management/main-file/vendor/rachidlaasri/laravel-installer/src/Helpers/DatabaseManager.php(54): Illuminate\\Support\\Facades\\Facade::__callStatic()
#47 /home/user/Downloads/advocategosaas-21nulled/codecanyon-46105956-advocatego-saas-legal-practice-management/main-file/vendor/rachidlaasri/laravel-installer/src/Helpers/DatabaseManager.php(42): RachidLaasri\\LaravelInstaller\\Helpers\\DatabaseManager->seed()
#48 /home/user/Downloads/advocategosaas-21nulled/codecanyon-46105956-advocatego-saas-legal-practice-management/main-file/vendor/rachidlaasri/laravel-installer/src/Helpers/DatabaseManager.php(25): RachidLaasri\\LaravelInstaller\\Helpers\\DatabaseManager->migrate()
#49 /home/user/Downloads/advocategosaas-21nulled/codecanyon-46105956-advocatego-saas-legal-practice-management/main-file/vendor/rachidlaasri/laravel-installer/src/Controllers/DatabaseController.php(30): RachidLaasri\\LaravelInstaller\\Helpers\\DatabaseManager->migrateAndSeed()
#50 /home/user/Downloads/advocategosaas-21nulled/codecanyon-46105956-advocatego-saas-legal-practice-management/main-file/vendor/laravel/framework/src/Illuminate/Routing/Controller.php(54): RachidLaasri\\LaravelInstaller\\Controllers\\DatabaseController->database()
#51 /home/user/Downloads/advocategosaas-21nulled/codecanyon-46105956-advocatego-saas-legal-practice-management/main-file/vendor/laravel/framework/src/Illuminate/Routing/ControllerDispatcher.php(43): Illuminate\\Routing\\Controller->callAction()
#52 /home/user/Downloads/advocategosaas-21nulled/codecanyon-46105956-advocatego-saas-legal-practice-management/main-file/vendor/laravel/framework/src/Illuminate/Routing/Route.php(260): Illuminate\\Routing\\ControllerDispatcher->dispatch()
#53 /home/user/Downloads/advocategosaas-21nulled/codecanyon-46105956-advocatego-saas-legal-practice-management/main-file/vendor/laravel/framework/src/Illuminate/Routing/Route.php(205): Illuminate\\Routing\\Route->runController()
#54 /home/user/Downloads/advocategosaas-21nulled/codecanyon-46105956-advocatego-saas-legal-practice-management/main-file/vendor/laravel/framework/src/Illuminate/Routing/Router.php(798): Illuminate\\Routing\\Route->run()
#55 /home/user/Downloads/advocategosaas-21nulled/codecanyon-46105956-advocatego-saas-legal-practice-management/main-file/vendor/laravel/framework/src/Illuminate/Pipeline/Pipeline.php(141): Illuminate\\Routing\\Router->Illuminate\\Routing\\{closure}()
#56 /home/user/Downloads/advocategosaas-21nulled/codecanyon-46105956-advocatego-saas-legal-practice-management/main-file/vendor/rachidlaasri/laravel-installer/src/Middleware/canInstall.php(48): Illuminate\\Pipeline\\Pipeline->Illuminate\\Pipeline\\{closure}()
#57 /home/user/Downloads/advocategosaas-21nulled/codecanyon-46105956-advocatego-saas-legal-practice-management/main-file/vendor/laravel/framework/src/Illuminate/Pipeline/Pipeline.php(180): RachidLaasri\\LaravelInstaller\\Middleware\\canInstall->handle()
#58 /home/user/Downloads/advocategosaas-21nulled/codecanyon-46105956-advocatego-saas-legal-practice-management/main-file/vendor/laravel/framework/src/Illuminate/Routing/Middleware/SubstituteBindings.php(50): Illuminate\\Pipeline\\Pipeline->Illuminate\\Pipeline\\{closure}()
#59 /home/user/Downloads/advocategosaas-21nulled/codecanyon-46105956-advocatego-saas-legal-practice-management/main-file/vendor/laravel/framework/src/Illuminate/Pipeline/Pipeline.php(180): Illuminate\\Routing\\Middleware\\SubstituteBindings->handle()
#60 /home/user/Downloads/advocategosaas-21nulled/codecanyon-46105956-advocatego-saas-legal-practice-management/main-file/vendor/laravel/framework/src/Illuminate/Foundation/Http/Middleware/VerifyCsrfToken.php(78): Illuminate\\Pipeline\\Pipeline->Illuminate\\Pipeline\\{closure}()
#61 /home/user/Downloads/advocategosaas-21nulled/codecanyon-46105956-advocatego-saas-legal-practice-management/main-file/vendor/laravel/framework/src/Illuminate/Pipeline/Pipeline.php(180): Illuminate\\Foundation\\Http\\Middleware\\VerifyCsrfToken->handle()
#62 /home/user/Downloads/advocategosaas-21nulled/codecanyon-46105956-advocatego-saas-legal-practice-management/main-file/vendor/laravel/framework/src/Illuminate/View/Middleware/ShareErrorsFromSession.php(49): Illuminate\\Pipeline\\Pipeline->Illuminate\\Pipeline\\{closure}()
#63 /home/user/Downloads/advocategosaas-21nulled/codecanyon-46105956-advocatego-saas-legal-practice-management/main-file/vendor/laravel/framework/src/Illuminate/Pipeline/Pipeline.php(180): Illuminate\\View\\Middleware\\ShareErrorsFromSession->handle()
#64 /home/user/Downloads/advocategosaas-21nulled/codecanyon-46105956-advocatego-saas-legal-practice-management/main-file/vendor/laravel/framework/src/Illuminate/Session/Middleware/StartSession.php(121): Illuminate\\Pipeline\\Pipeline->Illuminate\\Pipeline\\{closure}()
#65 /home/user/Downloads/advocategosaas-21nulled/codecanyon-46105956-advocatego-saas-legal-practice-management/main-file/vendor/laravel/framework/src/Illuminate/Session/Middleware/StartSession.php(64): Illuminate\\Session\\Middleware\\StartSession->handleStatefulRequest()
#66 /home/user/Downloads/advocategosaas-21nulled/codecanyon-46105956-advocatego-saas-legal-practice-management/main-file/vendor/laravel/framework/src/Illuminate/Pipeline/Pipeline.php(180): Illuminate\\Session\\Middleware\\StartSession->handle()
#67 /home/user/Downloads/advocategosaas-21nulled/codecanyon-46105956-advocatego-saas-legal-practice-management/main-file/vendor/laravel/framework/src/Illuminate/Cookie/Middleware/AddQueuedCookiesToResponse.php(37): Illuminate\\Pipeline\\Pipeline->Illuminate\\Pipeline\\{closure}()
#68 /home/user/Downloads/advocategosaas-21nulled/codecanyon-46105956-advocatego-saas-legal-practice-management/main-file/vendor/laravel/framework/src/Illuminate/Pipeline/Pipeline.php(180): Illuminate\\Cookie\\Middleware\\AddQueuedCookiesToResponse->handle()
#69 /home/user/Downloads/advocategosaas-21nulled/codecanyon-46105956-advocatego-saas-legal-practice-management/main-file/vendor/laravel/framework/src/Illuminate/Cookie/Middleware/EncryptCookies.php(67): Illuminate\\Pipeline\\Pipeline->Illuminate\\Pipeline\\{closure}()
#70 /home/user/Downloads/advocategosaas-21nulled/codecanyon-46105956-advocatego-saas-legal-practice-management/main-file/vendor/laravel/framework/src/Illuminate/Pipeline/Pipeline.php(180): Illuminate\\Cookie\\Middleware\\EncryptCookies->handle()
#71 /home/user/Downloads/advocategosaas-21nulled/codecanyon-46105956-advocatego-saas-legal-practice-management/main-file/vendor/laravel/framework/src/Illuminate/Pipeline/Pipeline.php(116): Illuminate\\Pipeline\\Pipeline->Illuminate\\Pipeline\\{closure}()
#72 /home/user/Downloads/advocategosaas-21nulled/codecanyon-46105956-advocatego-saas-legal-practice-management/main-file/vendor/laravel/framework/src/Illuminate/Routing/Router.php(799): Illuminate\\Pipeline\\Pipeline->then()
#73 /home/user/Downloads/advocategosaas-21nulled/codecanyon-46105956-advocatego-saas-legal-practice-management/main-file/vendor/laravel/framework/src/Illuminate/Routing/Router.php(776): Illuminate\\Routing\\Router->runRouteWithinStack()
#74 /home/user/Downloads/advocategosaas-21nulled/codecanyon-46105956-advocatego-saas-legal-practice-management/main-file/vendor/laravel/framework/src/Illuminate/Routing/Router.php(740): Illuminate\\Routing\\Router->runRoute()
#75 /home/user/Downloads/advocategosaas-21nulled/codecanyon-46105956-advocatego-saas-legal-practice-management/main-file/vendor/laravel/framework/src/Illuminate/Routing/Router.php(729): Illuminate\\Routing\\Router->dispatchToRoute()
#76 /home/user/Downloads/advocategosaas-21nulled/codecanyon-46105956-advocatego-saas-legal-practice-management/main-file/vendor/laravel/framework/src/Illuminate/Foundation/Http/Kernel.php(200): Illuminate\\Routing\\Router->dispatch()
#77 /home/user/Downloads/advocategosaas-21nulled/codecanyon-46105956-advocatego-saas-legal-practice-management/main-file/vendor/laravel/framework/src/Illuminate/Pipeline/Pipeline.php(141): Illuminate\\Foundation\\Http\\Kernel->Illuminate\\Foundation\\Http\\{closure}()
#78 /home/user/Downloads/advocategosaas-21nulled/codecanyon-46105956-advocatego-saas-legal-practice-management/main-file/vendor/barryvdh/laravel-debugbar/src/Middleware/InjectDebugbar.php(59): Illuminate\\Pipeline\\Pipeline->Illuminate\\Pipeline\\{closure}()
#79 /home/user/Downloads/advocategosaas-21nulled/codecanyon-46105956-advocatego-saas-legal-practice-management/main-file/vendor/laravel/framework/src/Illuminate/Pipeline/Pipeline.php(180): Barryvdh\\Debugbar\\Middleware\\InjectDebugbar->handle()
#80 /home/user/Downloads/advocategosaas-21nulled/codecanyon-46105956-advocatego-saas-legal-practice-management/main-file/vendor/laravel/framework/src/Illuminate/Foundation/Http/Middleware/TransformsRequest.php(21): Illuminate\\Pipeline\\Pipeline->Illuminate\\Pipeline\\{closure}()
#81 /home/user/Downloads/advocategosaas-21nulled/codecanyon-46105956-advocatego-saas-legal-practice-management/main-file/vendor/laravel/framework/src/Illuminate/Foundation/Http/Middleware/ConvertEmptyStringsToNull.php(31): Illuminate\\Foundation\\Http\\Middleware\\TransformsRequest->handle()
#82 /home/user/Downloads/advocategosaas-21nulled/codecanyon-46105956-advocatego-saas-legal-practice-management/main-file/vendor/laravel/framework/src/Illuminate/Pipeline/Pipeline.php(180): Illuminate\\Foundation\\Http\\Middleware\\ConvertEmptyStringsToNull->handle()
#83 /home/user/Downloads/advocategosaas-21nulled/codecanyon-46105956-advocatego-saas-legal-practice-management/main-file/vendor/laravel/framework/src/Illuminate/Foundation/Http/Middleware/TransformsRequest.php(21): Illuminate\\Pipeline\\Pipeline->Illuminate\\Pipeline\\{closure}()
#84 /home/user/Downloads/advocategosaas-21nulled/codecanyon-46105956-advocatego-saas-legal-practice-management/main-file/vendor/laravel/framework/src/Illuminate/Foundation/Http/Middleware/TrimStrings.php(40): Illuminate\\Foundation\\Http\\Middleware\\TransformsRequest->handle()
#85 /home/user/Downloads/advocategosaas-21nulled/codecanyon-46105956-advocatego-saas-legal-practice-management/main-file/vendor/laravel/framework/src/Illuminate/Pipeline/Pipeline.php(180): Illuminate\\Foundation\\Http\\Middleware\\TrimStrings->handle()
#86 /home/user/Downloads/advocategosaas-21nulled/codecanyon-46105956-advocatego-saas-legal-practice-management/main-file/vendor/laravel/framework/src/Illuminate/Foundation/Http/Middleware/ValidatePostSize.php(27): Illuminate\\Pipeline\\Pipeline->Illuminate\\Pipeline\\{closure}()
#87 /home/user/Downloads/advocategosaas-21nulled/codecanyon-46105956-advocatego-saas-legal-practice-management/main-file/vendor/laravel/framework/src/Illuminate/Pipeline/Pipeline.php(180): Illuminate\\Foundation\\Http\\Middleware\\ValidatePostSize->handle()
#88 /home/user/Downloads/advocategosaas-21nulled/codecanyon-46105956-advocatego-saas-legal-practice-management/main-file/vendor/laravel/framework/src/Illuminate/Foundation/Http/Middleware/PreventRequestsDuringMaintenance.php(99): Illuminate\\Pipeline\\Pipeline->Illuminate\\Pipeline\\{closure}()
#89 /home/user/Downloads/advocategosaas-21nulled/codecanyon-46105956-advocatego-saas-legal-practice-management/main-file/vendor/laravel/framework/src/Illuminate/Pipeline/Pipeline.php(180): Illuminate\\Foundation\\Http\\Middleware\\PreventRequestsDuringMaintenance->handle()
#90 /home/user/Downloads/advocategosaas-21nulled/codecanyon-46105956-advocatego-saas-legal-practice-management/main-file/vendor/laravel/framework/src/Illuminate/Http/Middleware/HandleCors.php(49): Illuminate\\Pipeline\\Pipeline->Illuminate\\Pipeline\\{closure}()
#91 /home/user/Downloads/advocategosaas-21nulled/codecanyon-46105956-advocatego-saas-legal-practice-management/main-file/vendor/laravel/framework/src/Illuminate/Pipeline/Pipeline.php(180): Illuminate\\Http\\Middleware\\HandleCors->handle()
#92 /home/user/Downloads/advocategosaas-21nulled/codecanyon-46105956-advocatego-saas-legal-practice-management/main-file/vendor/laravel/framework/src/Illuminate/Http/Middleware/TrustProxies.php(39): Illuminate\\Pipeline\\Pipeline->Illuminate\\Pipeline\\{closure}()
#93 /home/user/Downloads/advocategosaas-21nulled/codecanyon-46105956-advocatego-saas-legal-practice-management/main-file/vendor/laravel/framework/src/Illuminate/Pipeline/Pipeline.php(180): Illuminate\\Http\\Middleware\\TrustProxies->handle()
#94 /home/user/Downloads/advocategosaas-21nulled/codecanyon-46105956-advocatego-saas-legal-practice-management/main-file/vendor/laravel/framework/src/Illuminate/Pipeline/Pipeline.php(116): Illuminate\\Pipeline\\Pipeline->Illuminate\\Pipeline\\{closure}()
#95 /home/user/Downloads/advocategosaas-21nulled/codecanyon-46105956-advocatego-saas-legal-practice-management/main-file/vendor/laravel/framework/src/Illuminate/Foundation/Http/Kernel.php(175): Illuminate\\Pipeline\\Pipeline->then()
#96 /home/user/Downloads/advocategosaas-21nulled/codecanyon-46105956-advocatego-saas-legal-practice-management/main-file/vendor/laravel/framework/src/Illuminate/Foundation/Http/Kernel.php(144): Illuminate\\Foundation\\Http\\Kernel->sendRequestThroughRouter()
#97 /home/user/Downloads/advocategosaas-21nulled/codecanyon-46105956-advocatego-saas-legal-practice-management/main-file/public/index.php(52): Illuminate\\Foundation\\Http\\Kernel->handle()
#98 /home/user/Downloads/advocategosaas-21nulled/codecanyon-46105956-advocatego-saas-legal-practice-management/main-file/vendor/laravel/framework/src/Illuminate/Foundation/resources/server.php(16): require_once('...')
#99 {main}
"} 
[2024-03-24 03:32:05] local.ERROR: Attempt to read property "is_enable_login" on null {"exception":"[object] (ErrorException(code: 0): Attempt to read property \"is_enable_login\" on null at /home/user/Downloads/advocategosaas-21nulled/codecanyon-46105956-advocatego-saas-legal-practice-management/main-file/app/Http/Controllers/Auth/AuthenticatedSessionController.php:71)
[stacktrace]
#0 /home/user/Downloads/advocategosaas-21nulled/codecanyon-46105956-advocatego-saas-legal-practice-management/main-file/vendor/laravel/framework/src/Illuminate/Foundation/Bootstrap/HandleExceptions.php(254): Illuminate\\Foundation\\Bootstrap\\HandleExceptions->handleError()
#1 /home/user/Downloads/advocategosaas-21nulled/codecanyon-46105956-advocatego-saas-legal-practice-management/main-file/app/Http/Controllers/Auth/AuthenticatedSessionController.php(71): Illuminate\\Foundation\\Bootstrap\\HandleExceptions->Illuminate\\Foundation\\Bootstrap\\{closure}()
#2 /home/user/Downloads/advocategosaas-21nulled/codecanyon-46105956-advocatego-saas-legal-practice-management/main-file/vendor/laravel/framework/src/Illuminate/Routing/Controller.php(54): App\\Http\\Controllers\\Auth\\AuthenticatedSessionController->store()
#3 /home/user/Downloads/advocategosaas-21nulled/codecanyon-46105956-advocatego-saas-legal-practice-management/main-file/vendor/laravel/framework/src/Illuminate/Routing/ControllerDispatcher.php(43): Illuminate\\Routing\\Controller->callAction()
#4 /home/user/Downloads/advocategosaas-21nulled/codecanyon-46105956-advocatego-saas-legal-practice-management/main-file/vendor/laravel/framework/src/Illuminate/Routing/Route.php(260): Illuminate\\Routing\\ControllerDispatcher->dispatch()
#5 /home/user/Downloads/advocategosaas-21nulled/codecanyon-46105956-advocatego-saas-legal-practice-management/main-file/vendor/laravel/framework/src/Illuminate/Routing/Route.php(205): Illuminate\\Routing\\Route->runController()
#6 /home/user/Downloads/advocategosaas-21nulled/codecanyon-46105956-advocatego-saas-legal-practice-management/main-file/vendor/laravel/framework/src/Illuminate/Routing/Router.php(798): Illuminate\\Routing\\Route->run()
#7 /home/user/Downloads/advocategosaas-21nulled/codecanyon-46105956-advocatego-saas-legal-practice-management/main-file/vendor/laravel/framework/src/Illuminate/Pipeline/Pipeline.php(141): Illuminate\\Routing\\Router->Illuminate\\Routing\\{closure}()
#8 /home/user/Downloads/advocategosaas-21nulled/codecanyon-46105956-advocatego-saas-legal-practice-management/main-file/app/Http/Middleware/RedirectIfAuthenticated.php(30): Illuminate\\Pipeline\\Pipeline->Illuminate\\Pipeline\\{closure}()
#9 /home/user/Downloads/advocategosaas-21nulled/codecanyon-46105956-advocatego-saas-legal-practice-management/main-file/vendor/laravel/framework/src/Illuminate/Pipeline/Pipeline.php(180): App\\Http\\Middleware\\RedirectIfAuthenticated->handle()
#10 /home/user/Downloads/advocategosaas-21nulled/codecanyon-46105956-advocatego-saas-legal-practice-management/main-file/vendor/laravel/framework/src/Illuminate/Routing/Middleware/SubstituteBindings.php(50): Illuminate\\Pipeline\\Pipeline->Illuminate\\Pipeline\\{closure}()
#11 /home/user/Downloads/advocategosaas-21nulled/codecanyon-46105956-advocatego-saas-legal-practice-management/main-file/vendor/laravel/framework/src/Illuminate/Pipeline/Pipeline.php(180): Illuminate\\Routing\\Middleware\\SubstituteBindings->handle()
#12 /home/user/Downloads/advocategosaas-21nulled/codecanyon-46105956-advocatego-saas-legal-practice-management/main-file/vendor/laravel/framework/src/Illuminate/Foundation/Http/Middleware/VerifyCsrfToken.php(78): Illuminate\\Pipeline\\Pipeline->Illuminate\\Pipeline\\{closure}()
#13 /home/user/Downloads/advocategosaas-21nulled/codecanyon-46105956-advocatego-saas-legal-practice-management/main-file/vendor/laravel/framework/src/Illuminate/Pipeline/Pipeline.php(180): Illuminate\\Foundation\\Http\\Middleware\\VerifyCsrfToken->handle()
#14 /home/user/Downloads/advocategosaas-21nulled/codecanyon-46105956-advocatego-saas-legal-practice-management/main-file/vendor/laravel/framework/src/Illuminate/View/Middleware/ShareErrorsFromSession.php(49): Illuminate\\Pipeline\\Pipeline->Illuminate\\Pipeline\\{closure}()
#15 /home/user/Downloads/advocategosaas-21nulled/codecanyon-46105956-advocatego-saas-legal-practice-management/main-file/vendor/laravel/framework/src/Illuminate/Pipeline/Pipeline.php(180): Illuminate\\View\\Middleware\\ShareErrorsFromSession->handle()
#16 /home/user/Downloads/advocategosaas-21nulled/codecanyon-46105956-advocatego-saas-legal-practice-management/main-file/vendor/laravel/framework/src/Illuminate/Session/Middleware/StartSession.php(121): Illuminate\\Pipeline\\Pipeline->Illuminate\\Pipeline\\{closure}()
#17 /home/user/Downloads/advocategosaas-21nulled/codecanyon-46105956-advocatego-saas-legal-practice-management/main-file/vendor/laravel/framework/src/Illuminate/Session/Middleware/StartSession.php(64): Illuminate\\Session\\Middleware\\StartSession->handleStatefulRequest()
#18 /home/user/Downloads/advocategosaas-21nulled/codecanyon-46105956-advocatego-saas-legal-practice-management/main-file/vendor/laravel/framework/src/Illuminate/Pipeline/Pipeline.php(180): Illuminate\\Session\\Middleware\\StartSession->handle()
#19 /home/user/Downloads/advocategosaas-21nulled/codecanyon-46105956-advocatego-saas-legal-practice-management/main-file/vendor/laravel/framework/src/Illuminate/Cookie/Middleware/AddQueuedCookiesToResponse.php(37): Illuminate\\Pipeline\\Pipeline->Illuminate\\Pipeline\\{closure}()
#20 /home/user/Downloads/advocategosaas-21nulled/codecanyon-46105956-advocatego-saas-legal-practice-management/main-file/vendor/laravel/framework/src/Illuminate/Pipeline/Pipeline.php(180): Illuminate\\Cookie\\Middleware\\AddQueuedCookiesToResponse->handle()
#21 /home/user/Downloads/advocategosaas-21nulled/codecanyon-46105956-advocatego-saas-legal-practice-management/main-file/vendor/laravel/framework/src/Illuminate/Cookie/Middleware/EncryptCookies.php(67): Illuminate\\Pipeline\\Pipeline->Illuminate\\Pipeline\\{closure}()
#22 /home/user/Downloads/advocategosaas-21nulled/codecanyon-46105956-advocatego-saas-legal-practice-management/main-file/vendor/laravel/framework/src/Illuminate/Pipeline/Pipeline.php(180): Illuminate\\Cookie\\Middleware\\EncryptCookies->handle()
#23 /home/user/Downloads/advocategosaas-21nulled/codecanyon-46105956-advocatego-saas-legal-practice-management/main-file/vendor/laravel/framework/src/Illuminate/Pipeline/Pipeline.php(116): Illuminate\\Pipeline\\Pipeline->Illuminate\\Pipeline\\{closure}()
#24 /home/user/Downloads/advocategosaas-21nulled/codecanyon-46105956-advocatego-saas-legal-practice-management/main-file/vendor/laravel/framework/src/Illuminate/Routing/Router.php(799): Illuminate\\Pipeline\\Pipeline->then()
#25 /home/user/Downloads/advocategosaas-21nulled/codecanyon-46105956-advocatego-saas-legal-practice-management/main-file/vendor/laravel/framework/src/Illuminate/Routing/Router.php(776): Illuminate\\Routing\\Router->runRouteWithinStack()
#26 /home/user/Downloads/advocategosaas-21nulled/codecanyon-46105956-advocatego-saas-legal-practice-management/main-file/vendor/laravel/framework/src/Illuminate/Routing/Router.php(740): Illuminate\\Routing\\Router->runRoute()
#27 /home/user/Downloads/advocategosaas-21nulled/codecanyon-46105956-advocatego-saas-legal-practice-management/main-file/vendor/laravel/framework/src/Illuminate/Routing/Router.php(729): Illuminate\\Routing\\Router->dispatchToRoute()
#28 /home/user/Downloads/advocategosaas-21nulled/codecanyon-46105956-advocatego-saas-legal-practice-management/main-file/vendor/laravel/framework/src/Illuminate/Foundation/Http/Kernel.php(200): Illuminate\\Routing\\Router->dispatch()
#29 /home/user/Downloads/advocategosaas-21nulled/codecanyon-46105956-advocatego-saas-legal-practice-management/main-file/vendor/laravel/framework/src/Illuminate/Pipeline/Pipeline.php(141): Illuminate\\Foundation\\Http\\Kernel->Illuminate\\Foundation\\Http\\{closure}()
#30 /home/user/Downloads/advocategosaas-21nulled/codecanyon-46105956-advocatego-saas-legal-practice-management/main-file/vendor/barryvdh/laravel-debugbar/src/Middleware/InjectDebugbar.php(59): Illuminate\\Pipeline\\Pipeline->Illuminate\\Pipeline\\{closure}()
#31 /home/user/Downloads/advocategosaas-21nulled/codecanyon-46105956-advocatego-saas-legal-practice-management/main-file/vendor/laravel/framework/src/Illuminate/Pipeline/Pipeline.php(180): Barryvdh\\Debugbar\\Middleware\\InjectDebugbar->handle()
#32 /home/user/Downloads/advocategosaas-21nulled/codecanyon-46105956-advocatego-saas-legal-practice-management/main-file/vendor/laravel/framework/src/Illuminate/Foundation/Http/Middleware/TransformsRequest.php(21): Illuminate\\Pipeline\\Pipeline->Illuminate\\Pipeline\\{closure}()
#33 /home/user/Downloads/advocategosaas-21nulled/codecanyon-46105956-advocatego-saas-legal-practice-management/main-file/vendor/laravel/framework/src/Illuminate/Foundation/Http/Middleware/ConvertEmptyStringsToNull.php(31): Illuminate\\Foundation\\Http\\Middleware\\TransformsRequest->handle()
#34 /home/user/Downloads/advocategosaas-21nulled/codecanyon-46105956-advocatego-saas-legal-practice-management/main-file/vendor/laravel/framework/src/Illuminate/Pipeline/Pipeline.php(180): Illuminate\\Foundation\\Http\\Middleware\\ConvertEmptyStringsToNull->handle()
#35 /home/user/Downloads/advocategosaas-21nulled/codecanyon-46105956-advocatego-saas-legal-practice-management/main-file/vendor/laravel/framework/src/Illuminate/Foundation/Http/Middleware/TransformsRequest.php(21): Illuminate\\Pipeline\\Pipeline->Illuminate\\Pipeline\\{closure}()
#36 /home/user/Downloads/advocategosaas-21nulled/codecanyon-46105956-advocatego-saas-legal-practice-management/main-file/vendor/laravel/framework/src/Illuminate/Foundation/Http/Middleware/TrimStrings.php(40): Illuminate\\Foundation\\Http\\Middleware\\TransformsRequest->handle()
#37 /home/user/Downloads/advocategosaas-21nulled/codecanyon-46105956-advocatego-saas-legal-practice-management/main-file/vendor/laravel/framework/src/Illuminate/Pipeline/Pipeline.php(180): Illuminate\\Foundation\\Http\\Middleware\\TrimStrings->handle()
#38 /home/user/Downloads/advocategosaas-21nulled/codecanyon-46105956-advocatego-saas-legal-practice-management/main-file/vendor/laravel/framework/src/Illuminate/Foundation/Http/Middleware/ValidatePostSize.php(27): Illuminate\\Pipeline\\Pipeline->Illuminate\\Pipeline\\{closure}()
#39 /home/user/Downloads/advocategosaas-21nulled/codecanyon-46105956-advocatego-saas-legal-practice-management/main-file/vendor/laravel/framework/src/Illuminate/Pipeline/Pipeline.php(180): Illuminate\\Foundation\\Http\\Middleware\\ValidatePostSize->handle()
#40 /home/user/Downloads/advocategosaas-21nulled/codecanyon-46105956-advocatego-saas-legal-practice-management/main-file/vendor/laravel/framework/src/Illuminate/Foundation/Http/Middleware/PreventRequestsDuringMaintenance.php(99): Illuminate\\Pipeline\\Pipeline->Illuminate\\Pipeline\\{closure}()
#41 /home/user/Downloads/advocategosaas-21nulled/codecanyon-46105956-advocatego-saas-legal-practice-management/main-file/vendor/laravel/framework/src/Illuminate/Pipeline/Pipeline.php(180): Illuminate\\Foundation\\Http\\Middleware\\PreventRequestsDuringMaintenance->handle()
#42 /home/user/Downloads/advocategosaas-21nulled/codecanyon-46105956-advocatego-saas-legal-practice-management/main-file/vendor/laravel/framework/src/Illuminate/Http/Middleware/HandleCors.php(49): Illuminate\\Pipeline\\Pipeline->Illuminate\\Pipeline\\{closure}()
#43 /home/user/Downloads/advocategosaas-21nulled/codecanyon-46105956-advocatego-saas-legal-practice-management/main-file/vendor/laravel/framework/src/Illuminate/Pipeline/Pipeline.php(180): Illuminate\\Http\\Middleware\\HandleCors->handle()
#44 /home/user/Downloads/advocategosaas-21nulled/codecanyon-46105956-advocatego-saas-legal-practice-management/main-file/vendor/laravel/framework/src/Illuminate/Http/Middleware/TrustProxies.php(39): Illuminate\\Pipeline\\Pipeline->Illuminate\\Pipeline\\{closure}()
#45 /home/user/Downloads/advocategosaas-21nulled/codecanyon-46105956-advocatego-saas-legal-practice-management/main-file/vendor/laravel/framework/src/Illuminate/Pipeline/Pipeline.php(180): Illuminate\\Http\\Middleware\\TrustProxies->handle()
#46 /home/user/Downloads/advocategosaas-21nulled/codecanyon-46105956-advocatego-saas-legal-practice-management/main-file/vendor/laravel/framework/src/Illuminate/Pipeline/Pipeline.php(116): Illuminate\\Pipeline\\Pipeline->Illuminate\\Pipeline\\{closure}()
#47 /home/user/Downloads/advocategosaas-21nulled/codecanyon-46105956-advocatego-saas-legal-practice-management/main-file/vendor/laravel/framework/src/Illuminate/Foundation/Http/Kernel.php(175): Illuminate\\Pipeline\\Pipeline->then()
#48 /home/user/Downloads/advocategosaas-21nulled/codecanyon-46105956-advocatego-saas-legal-practice-management/main-file/vendor/laravel/framework/src/Illuminate/Foundation/Http/Kernel.php(144): Illuminate\\Foundation\\Http\\Kernel->sendRequestThroughRouter()
#49 /home/user/Downloads/advocategosaas-21nulled/codecanyon-46105956-advocatego-saas-legal-practice-management/main-file/public/index.php(52): Illuminate\\Foundation\\Http\\Kernel->handle()
#50 /home/user/Downloads/advocategosaas-21nulled/codecanyon-46105956-advocatego-saas-legal-practice-management/main-file/vendor/laravel/framework/src/Illuminate/Foundation/resources/server.php(16): require_once('...')
#51 {main}
"} 
